# JRE version: OpenJDK Runtime Environment Temurin-21.0.1+12 (21.0.1+12) (build 21.0.1+12-LTS)
# Java VM: OpenJDK 64-Bit Server VM Temurin-21.0.1+12 (21.0.1+12-LTS, mixed mode, sharing, tiered, compressed oops, compressed class ptrs, g1 gc, windows-amd64)
GC Precious Log:
 CardTable entry size: 512
 Card Set container configuration: InlinePtr #cards 4 size 8 Array Of Cards #cards 16 size 48 Howl #buckets 8 coarsen threshold 3686 Howl Bitmap #cards 512 size 80 coarsen threshold 460 Card regions per heap region 1 cards per card region 4096
 CPUs: 8 total, 8 available
 Memory: 7883M
 Large Page Support: Disabled
 NUMA Support: Disabled
 Compressed Oops: Enabled (Zero based)
 Heap Region Size: 2M
 Heap Min Capacity: 512M
 Heap Initial Capacity: 512M
 Heap Max Capacity: 4072M
 Pre-touch: Disabled
 Parallel Workers: 8
 Concurrent Workers: 2
 Concurrent Refinement Workers: 8
 Periodic GC: Disabled
 String Deduplication is enabled
Heap:
 garbage-first heap   total 524288K, used 77597K [0x0000000701800000, 0x0000000800000000)
  region size 2048K, 1 young (2048K), 0 survivors (0K)
 Metaspace       used 84430K, committed 85120K, reserved 1179648K
  class space    used 11662K, committed 11968K, reserved 1048576K
GC Heap History (20 events):
Event: 192.112 GC heap before
{Heap before GC invocations=24 (full 2):
 garbage-first heap   total 524288K, used 163208K [0x0000000701800000, 0x0000000800000000)
  region size 2048K, 40 young (81920K), 2 survivors (4096K)
 Metaspace       used 81296K, committed 81920K, reserved 1179648K
  class space    used 11100K, committed 11392K, reserved 1048576K
}
Event: 192.117 GC heap after
{Heap after GC invocations=25 (full 2):
 garbage-first heap   total 524288K, used 84860K [0x0000000701800000, 0x0000000800000000)
  region size 2048K, 2 young (4096K), 2 survivors (4096K)
 Metaspace       used 81296K, committed 81920K, reserved 1179648K
  class space    used 11100K, committed 11392K, reserved 1048576K
}
Event: 194.459 GC heap before
{Heap before GC invocations=25 (full 2):
 garbage-first heap   total 524288K, used 162684K [0x0000000701800000, 0x0000000800000000)
  region size 2048K, 40 young (81920K), 2 survivors (4096K)
 Metaspace       used 81334K, committed 81984K, reserved 1179648K
  class space    used 11100K, committed 11392K, reserved 1048576K
}
Event: 194.464 GC heap after
{Heap after GC invocations=26 (full 2):
 garbage-first heap   total 524288K, used 85313K [0x0000000701800000, 0x0000000800000000)
  region size 2048K, 2 young (4096K), 2 survivors (4096K)
 Metaspace       used 81334K, committed 81984K, reserved 1179648K
  class space    used 11100K, committed 11392K, reserved 1048576K
}
Event: 207.151 GC heap before
{Heap before GC invocations=26 (full 2):
 garbage-first heap   total 524288K, used 163137K [0x0000000701800000, 0x0000000800000000)
  region size 2048K, 40 young (81920K), 2 survivors (4096K)
 Metaspace       used 83393K, committed 84032K, reserved 1179648K
  class space    used 11574K, committed 11840K, reserved 1048576K
}
Event: 207.158 GC heap after
{Heap after GC invocations=27 (full 2):
 garbage-first heap   total 524288K, used 88233K [0x0000000701800000, 0x0000000800000000)
  region size 2048K, 4 young (8192K), 4 survivors (8192K)
 Metaspace       used 83393K, committed 84032K, reserved 1179648K
  class space    used 11574K, committed 11840K, reserved 1048576K
}
Event: 217.498 GC heap before
{Heap before GC invocations=27 (full 2):
 garbage-first heap   total 524288K, used 161961K [0x0000000701800000, 0x0000000800000000)
  region size 2048K, 40 young (81920K), 4 survivors (8192K)
 Metaspace       used 83696K, committed 84352K, reserved 1179648K
  class space    used 11611K, committed 11904K, reserved 1048576K
}
Event: 217.505 GC heap after
{Heap after GC invocations=28 (full 2):
 garbage-first heap   total 524288K, used 87345K [0x0000000701800000, 0x0000000800000000)
  region size 2048K, 3 young (6144K), 3 survivors (6144K)
 Metaspace       used 83696K, committed 84352K, reserved 1179648K
  class space    used 11611K, committed 11904K, reserved 1048576K
}
Event: 219.393 GC heap before
{Heap before GC invocations=28 (full 2):
 garbage-first heap   total 524288K, used 163121K [0x0000000701800000, 0x0000000800000000)
  region size 2048K, 40 young (81920K), 3 survivors (6144K)
 Metaspace       used 83772K, committed 84416K, reserved 1179648K
  class space    used 11613K, committed 11904K, reserved 1048576K
}
Event: 219.396 GC heap after
{Heap after GC invocations=29 (full 2):
 garbage-first heap   total 524288K, used 87283K [0x0000000701800000, 0x0000000800000000)
  region size 2048K, 3 young (6144K), 3 survivors (6144K)
 Metaspace       used 83772K, committed 84416K, reserved 1179648K
  class space    used 11613K, committed 11904K, reserved 1048576K
}
Event: 221.631 GC heap before
{Heap before GC invocations=29 (full 2):
 garbage-first heap   total 524288K, used 163059K [0x0000000701800000, 0x0000000800000000)
  region size 2048K, 40 young (81920K), 3 survivors (6144K)
 Metaspace       used 83835K, committed 84480K, reserved 1179648K
  class space    used 11618K, committed 11904K, reserved 1048576K
}
Event: 221.634 GC heap after
{Heap after GC invocations=30 (full 2):
 garbage-first heap   total 524288K, used 87563K [0x0000000701800000, 0x0000000800000000)
  region size 2048K, 3 young (6144K), 3 survivors (6144K)
 Metaspace       used 83835K, committed 84480K, reserved 1179648K
  class space    used 11618K, committed 11904K, reserved 1048576K
}
Event: 223.680 GC heap before
{Heap before GC invocations=30 (full 2):
 garbage-first heap   total 524288K, used 163339K [0x0000000701800000, 0x0000000800000000)
  region size 2048K, 41 young (83968K), 3 survivors (6144K)
 Metaspace       used 83888K, committed 84544K, reserved 1179648K
  class space    used 11618K, committed 11904K, reserved 1048576K
}
Event: 223.683 GC heap after
{Heap after GC invocations=31 (full 2):
 garbage-first heap   total 524288K, used 87271K [0x0000000701800000, 0x0000000800000000)
  region size 2048K, 3 young (6144K), 3 survivors (6144K)
 Metaspace       used 83888K, committed 84544K, reserved 1179648K
  class space    used 11618K, committed 11904K, reserved 1048576K
}
Event: 239.285 GC heap before
{Heap before GC invocations=31 (full 2):
 garbage-first heap   total 524288K, used 163047K [0x0000000701800000, 0x0000000800000000)
  region size 2048K, 40 young (81920K), 3 survivors (6144K)
 Metaspace       used 83978K, committed 84672K, reserved 1179648K
  class space    used 11618K, committed 11904K, reserved 1048576K
}
Event: 239.288 GC heap after
{Heap after GC invocations=32 (full 2):
 garbage-first heap   total 524288K, used 87565K [0x0000000701800000, 0x0000000800000000)
  region size 2048K, 3 young (6144K), 3 survivors (6144K)
 Metaspace       used 83978K, committed 84672K, reserved 1179648K
  class space    used 11618K, committed 11904K, reserved 1048576K
}
Event: 246.048 GC heap before
{Heap before GC invocations=32 (full 2):
 garbage-first heap   total 524288K, used 112141K [0x0000000701800000, 0x0000000800000000)
  region size 2048K, 16 young (32768K), 3 survivors (6144K)
 Metaspace       used 84298K, committed 84928K, reserved 1179648K
  class space    used 11649K, committed 11904K, reserved 1048576K
}
Event: 246.126 GC heap after
{Heap after GC invocations=33 (full 3):
 garbage-first heap   total 524288K, used 78227K [0x0000000701800000, 0x0000000800000000)
  region size 2048K, 0 young (0K), 0 survivors (0K)
 Metaspace       used 84298K, committed 84928K, reserved 1179648K
  class space    used 11649K, committed 11904K, reserved 1048576K
}
Event: 246.214 GC heap before
{Heap before GC invocations=33 (full 3):
 garbage-first heap   total 524288K, used 123283K [0x0000000701800000, 0x0000000800000000)
  region size 2048K, 23 young (47104K), 0 survivors (0K)
 Metaspace       used 84420K, committed 85120K, reserved 1179648K
  class space    used 11662K, committed 11968K, reserved 1048576K
}
Event: 246.283 GC heap after
{Heap after GC invocations=34 (full 4):
 garbage-first heap   total 524288K, used 77597K [0x0000000701800000, 0x0000000800000000)
  region size 2048K, 0 young (0K), 0 survivors (0K)
 Metaspace       used 84420K, committed 85120K, reserved 1179648K
  class space    used 11662K, committed 11968K, reserved 1048576K
}

